<?xml version="1.0" encoding="UTF-8"?>
<robot generator="Robot 6.0.2 (Python 3.12.2 on win32)" generated="20240417 11:00:16.770" rpa="false" schemaversion="3">
<suite id="s1" name="Test" source="C:\Users\Imane.SOUIH\OneDrive - Akkodis\Bureau\Test">
<suite id="s1-s1" name="Tests" source="C:\Users\Imane.SOUIH\OneDrive - Akkodis\Bureau\Test\Tests">
<suite id="s1-s1-s1" name="Test" source="C:\Users\Imane.SOUIH\OneDrive - Akkodis\Bureau\Test\Tests\Test.robot">
<test id="s1-s1-s1-t1" name="Test Google" line="9">
<kw name="Open Browser" library="SeleniumLibrary">
<arg>${URL}</arg>
<arg>${Browser}</arg>
<doc>Opens a new browser instance to the optional ``url``.</doc>
<msg timestamp="20240417 11:00:17.556" level="INFO">Opening browser 'chrome' to base url 'https://www.google.com/'.</msg>
<status status="PASS" starttime="20240417 11:00:17.555" endtime="20240417 11:00:31.418"/>
</kw>
<kw name="Input Text" library="SeleniumLibrary">
<arg>id:APjFqb</arg>
<arg>Akkodis</arg>
<doc>Types the given ``text`` into the text field identified by ``locator``.</doc>
<msg timestamp="20240417 11:00:31.419" level="INFO">Typing text 'Akkodis' into text field 'id:APjFqb'.</msg>
<status status="PASS" starttime="20240417 11:00:31.418" endtime="20240417 11:00:31.481"/>
</kw>
<kw name="Click Element" library="SeleniumLibrary">
<arg>xpath://html/body/div[1]/div[3]/form/div[1]/div[1]/div[4]/center/input[1]</arg>
<doc>Click the element identified by ``locator``.</doc>
<msg timestamp="20240417 11:00:31.482" level="INFO">Clicking element 'xpath://html/body/div[1]/div[3]/form/div[1]/div[1]/div[4]/center/input[1]'.</msg>
<status status="PASS" starttime="20240417 11:00:31.481" endtime="20240417 11:00:31.680"/>
</kw>
<tag>FT-2</tag>
<status status="PASS" starttime="20240417 11:00:17.554" endtime="20240417 11:00:31.681"/>
</test>
<test id="s1-s1-s1-t2" name="Test Site" line="16">
<kw name="Open Browser" library="SeleniumLibrary">
<arg>${Url_base}</arg>
<arg>${Browser}</arg>
<doc>Opens a new browser instance to the optional ``url``.</doc>
<msg timestamp="20240417 11:00:31.687" level="INFO">Opening browser 'chrome' to base url 'https://demo.nopcommerce.com/'.</msg>
<status status="PASS" starttime="20240417 11:00:31.685" endtime="20240417 11:00:38.071"/>
</kw>
<kw name="Input Text" library="SeleniumLibrary">
<arg>id:small-searchterms</arg>
<arg>camputers</arg>
<doc>Types the given ``text`` into the text field identified by ``locator``.</doc>
<msg timestamp="20240417 11:00:38.073" level="INFO">Typing text 'camputers' into text field 'id:small-searchterms'.</msg>
<status status="PASS" starttime="20240417 11:00:38.072" endtime="20240417 11:00:38.144"/>
</kw>
<kw name="Click Button" library="SeleniumLibrary">
<arg>xpath://*[@id="small-search-box-form"]/button</arg>
<doc>Clicks the button identified by ``locator``.</doc>
<msg timestamp="20240417 11:00:38.145" level="INFO">Clicking button 'xpath://*[@id="small-search-box-form"]/button'.</msg>
<status status="PASS" starttime="20240417 11:00:38.145" endtime="20240417 11:00:39.343"/>
</kw>
<kw name="Close All Browsers" library="SeleniumLibrary">
<doc>Closes all open browsers and resets the browser cache.</doc>
<status status="PASS" starttime="20240417 11:00:39.344" endtime="20240417 11:00:51.855"/>
</kw>
<tag>FT-3</tag>
<status status="PASS" starttime="20240417 11:00:31.683" endtime="20240417 11:00:51.856"/>
</test>
<status status="PASS" starttime="20240417 11:00:16.830" endtime="20240417 11:00:51.858"/>
</suite>
<status status="PASS" starttime="20240417 11:00:16.828" endtime="20240417 11:00:51.860"/>
</suite>
<status status="PASS" starttime="20240417 11:00:16.779" endtime="20240417 11:00:51.861"/>
</suite>
<statistics>
<total>
<stat pass="2" fail="0" skip="0">All Tests</stat>
</total>
<tag>
<stat pass="1" fail="0" skip="0">FT-2</stat>
<stat pass="1" fail="0" skip="0">FT-3</stat>
</tag>
<suite>
<stat pass="2" fail="0" skip="0" id="s1" name="Test">Test</stat>
<stat pass="2" fail="0" skip="0" id="s1-s1" name="Tests">Test.Tests</stat>
<stat pass="2" fail="0" skip="0" id="s1-s1-s1" name="Test">Test.Tests.Test</stat>
</suite>
</statistics>
<errors>
</errors>
</robot>
